<?xml version="1.0" encoding="UTF-8"?>
<testsuite hostname="DESKTOP-9QNFISG" failures="0" tests="6" name="AccountDepartment.CuurentAccountTest" time="0.028" errors="0" timestamp="29 Dec 2024 12:32:56 GMT">
  <testcase classname="AccountDepartment.CuurentAccountTest" name="jointlAccount" time="0.011"/>
  <testcase classname="AccountDepartment.CuurentAccountTest" name="personalAccount" time="0.0"/>
  <testcase classname="AccountDepartment.ParameterisingAnotaionTest" name="JointAccount" time="0.0"/>
  <testcase classname="AccountDepartment.ParameterisingAnotaionTest" name="personalsAccount" time="0.002">
    <skipped/>
  </testcase>
  <testcase classname="AccountDepartment.SavingAccountTest" name="JointAccount" time="0.0"/>
  <testcase classname="AccountDepartment.SavingAccountTest" name="personalsAccount" time="0.002"/>
</testsuite>
