<?xml version="1.0" encoding="UTF-8"?>
<testng-results total="6" passed="5" failed="1" skipped="0">
  <reporter-output>
  </reporter-output>
  <suite started-at="2024-12-29T18:02:56Z" name="Command line suite" finished-at="2024-12-29T18:02:56Z" duration-ms="28">
    <groups>
      <group name="smokeone">
        <method signature="AccountDepartment.CuurentAccountTest.personalAccount()" name="personalAccount" class="AccountDepartment.CuurentAccountTest"/>
      </group>
    </groups>
    <test started-at="2024-12-29T18:02:56Z" name="Command line test" finished-at="2024-12-29T18:02:56Z" duration-ms="28">
      <class name="AccountDepartment.SavingAccountTest">
        <test-method signature="JointAccount()" started-at="2024-12-29T18:02:56Z" name="JointAccount" finished-at="2024-12-29T18:02:56Z" duration-ms="0" status="PASS">
        </test-method>
        <test-method signature="personalsAccount()" started-at="2024-12-29T18:02:56Z" name="personalsAccount" finished-at="2024-12-29T18:02:56Z" duration-ms="2" status="PASS">
        </test-method>
      </class>
      <class name="AccountDepartment.ParameterisingAnotaionTest">
        <test-method signature="JointAccount()" started-at="2024-12-29T18:02:56Z" name="JointAccount" finished-at="2024-12-29T18:02:56Z" duration-ms="0" status="PASS">
        </test-method>
        <test-method signature="personalsAccount(java.lang.String)" started-at="2024-12-29T18:02:56Z" name="personalsAccount" finished-at="2024-12-29T18:02:56Z" duration-ms="0" status="FAIL">
          <exception class="org.testng.TestNGException">
            <message>
              <![CDATA[
Method personalsAccount requires 1 parameters but 0 were supplied in the @Test annotation.]]>
            </message>
            <full-stacktrace>
              <![CDATA[org.testng.TestNGException: 
Method personalsAccount requires 1 parameters but 0 were supplied in the @Test annotation.
	at org.testng.internal.Parameters.checkParameterTypes(Parameters.java:187)
	at org.testng.internal.Parameters.createParameters(Parameters.java:123)
	at org.testng.internal.Parameters.createParameters(Parameters.java:338)
	at org.testng.internal.Parameters.handleParameters(Parameters.java:414)
	at org.testng.internal.Invoker.handleParameters(Invoker.java:1315)
	at org.testng.internal.Invoker.createParameters(Invoker.java:1022)
	at org.testng.internal.Invoker.invokeTestMethods(Invoker.java:1122)
	at org.testng.internal.TestMethodWorker.invokeTestMethods(TestMethodWorker.java:125)
	at org.testng.internal.TestMethodWorker.run(TestMethodWorker.java:109)
	at org.testng.TestRunner.runWorkers(TestRunner.java:1147)
	at org.testng.TestRunner.privateRun(TestRunner.java:749)
	at org.testng.TestRunner.run(TestRunner.java:600)
	at org.testng.SuiteRunner.runTest(SuiteRunner.java:317)
	at org.testng.SuiteRunner.runSequentially(SuiteRunner.java:312)
	at org.testng.SuiteRunner.privateRun(SuiteRunner.java:274)
	at org.testng.SuiteRunner.run(SuiteRunner.java:223)
	at org.testng.SuiteRunnerWorker.runSuite(SuiteRunnerWorker.java:52)
	at org.testng.SuiteRunnerWorker.run(SuiteRunnerWorker.java:86)
	at org.testng.TestNG.runSuitesSequentially(TestNG.java:1039)
	at org.testng.TestNG.runSuitesLocally(TestNG.java:964)
	at org.testng.TestNG.run(TestNG.java:900)
	at org.apache.maven.surefire.testng.TestNGExecutor.run(TestNGExecutor.java:77)
	at org.apache.maven.surefire.testng.TestNGDirectoryTestSuite.executeMulti(TestNGDirectoryTestSuite.java:159)
	at org.apache.maven.surefire.testng.TestNGDirectoryTestSuite.execute(TestNGDirectoryTestSuite.java:99)
	at org.apache.maven.surefire.testng.TestNGProvider.invoke(TestNGProvider.java:106)
	at java.base/jdk.internal.reflect.DirectMethodHandleAccessor.invoke(DirectMethodHandleAccessor.java:103)
	at java.base/java.lang.reflect.Method.invoke(Method.java:580)
	at org.apache.maven.surefire.util.ReflectionUtils.invokeMethodWithArray(ReflectionUtils.java:189)
	at org.apache.maven.surefire.booter.ProviderFactory$ProviderProxy.invoke(ProviderFactory.java:165)
	at org.apache.maven.surefire.booter.ProviderFactory.invokeProvider(ProviderFactory.java:85)
	at org.apache.maven.surefire.booter.ForkedBooter.runSuitesInProcess(ForkedBooter.java:115)
	at org.apache.maven.surefire.booter.ForkedBooter.main(ForkedBooter.java:75)
]]>
            </full-stacktrace>
          </exception>
        </test-method>
      </class>
      <class name="AccountDepartment.CuurentAccountTest">
        <test-method signature="jointlAccount()" started-at="2024-12-29T18:02:56Z" name="jointlAccount" finished-at="2024-12-29T18:02:56Z" duration-ms="11" status="PASS">
        </test-method>
        <test-method signature="personalAccount()" started-at="2024-12-29T18:02:56Z" name="personalAccount" finished-at="2024-12-29T18:02:56Z" duration-ms="0" status="PASS">
        </test-method>
      </class>
    </test>
  </suite>
</testng-results>
